<?xml version="1.0" encoding="UTF-8"?>
<!-- Generated by org.testng.reporters.JUnitXMLReporter -->
<testsuite hostname="ad-PC" name="power house" tests="5" failures="0" timestamp="8 Aug 2017 06:19:28 GMT" time="139.113" errors="0">
  <testcase name="registration" time="0.011" classname="com.powerhouse.testcases.MultipleRegistration"/>
  <testcase name="registration" time="6.573" classname="com.powerhouse.testcases.MultipleRegistration"/>
  <testcase name="registration" time="6.947" classname="com.powerhouse.testcases.MultipleRegistration"/>
  <testcase name="registration" time="23.556" classname="com.powerhouse.testcases.MultipleRegistration"/>
  <testcase name="login" time="14.512" classname="com.powerhouse.testcases.RegistrationAndLogin"/>
</testsuite> <!-- power house -->
