<?xml version="1.0" encoding="UTF-8"?>
<testng-results skipped="0" failed="0" total="1" passed="1">
  <reporter-output>
  </reporter-output>
  <suite name="Default suite" duration-ms="245085" started-at="2017-08-23T09:12:43Z" finished-at="2017-08-23T09:16:49Z">
    <groups>
    </groups>
    <test name="Default test" duration-ms="245085" started-at="2017-08-23T09:12:43Z" finished-at="2017-08-23T09:16:49Z">
      <class name="com.powerhouse.testcases.DifferentPaymentOption_powersite">
        <test-method status="PASS" signature="beforeClass()[pri:0, instance:com.powerhouse.testcases.DifferentPaymentOption_powersite@357246de]" name="beforeClass" is-config="true" duration-ms="162832" started-at="2017-08-23T14:42:44Z" finished-at="2017-08-23T14:45:26Z">
          <reporter-output>
          </reporter-output>
        </test-method> <!-- beforeClass -->
        <test-method status="PASS" signature="beforeMethod()[pri:0, instance:com.powerhouse.testcases.DifferentPaymentOption_powersite@357246de]" name="beforeMethod" is-config="true" duration-ms="34794" started-at="2017-08-23T14:45:26Z" finished-at="2017-08-23T14:46:01Z">
          <reporter-output>
          </reporter-output>
        </test-method> <!-- beforeMethod -->
        <test-method status="PASS" signature="creditcardNewOption()[pri:1, instance:com.powerhouse.testcases.DifferentPaymentOption_powersite@357246de]" name="creditcardNewOption" duration-ms="19530" started-at="2017-08-23T14:46:01Z" finished-at="2017-08-23T14:46:21Z">
          <reporter-output>
          </reporter-output>
        </test-method> <!-- creditcardNewOption -->
        <test-method status="PASS" signature="afterMethod(org.testng.ITestResult)[pri:0, instance:com.powerhouse.testcases.DifferentPaymentOption_powersite@357246de]" name="afterMethod" is-config="true" duration-ms="26791" started-at="2017-08-23T14:46:21Z" finished-at="2017-08-23T14:46:47Z">
          <params>
            <param index="0">
              <value>
                <![CDATA[[TestResult name=creditcardNewOption status=SUCCESS method=DifferentPaymentOption_powersite.creditcardNewOption()[pri:1, instance:com.powerhouse.testcases.DifferentPaymentOption_powersite@357246de] output={null}]]]>
              </value>
            </param>
          </params>
          <reporter-output>
          </reporter-output>
        </test-method> <!-- afterMethod -->
        <test-method status="PASS" signature="afterClass()[pri:0, instance:com.powerhouse.testcases.DifferentPaymentOption_powersite@357246de]" name="afterClass" is-config="true" duration-ms="1113" started-at="2017-08-23T14:46:47Z" finished-at="2017-08-23T14:46:49Z">
          <reporter-output>
          </reporter-output>
        </test-method> <!-- afterClass -->
      </class> <!-- com.powerhouse.testcases.DifferentPaymentOption_powersite -->
    </test> <!-- Default test -->
  </suite> <!-- Default suite -->
</testng-results>
